# JRE version: Java(TM) SE Runtime Environment (8.0_60-b27) (build 1.8.0_60-b27)
# Java VM: Java HotSpot(TM) 64-Bit Server VM (25.60-b23 mixed mode windows-amd64 compressed oops)
Heap:
 PSYoungGen      total 313344K, used 97138K [0x00000000eab00000, 0x00000000ff880000, 0x0000000100000000)
  eden space 285184K, 34% used [0x00000000eab00000,0x00000000f09dc998,0x00000000fc180000)
  from space 28160K, 0% used [0x00000000fdd00000,0x00000000fdd00000,0x00000000ff880000)
  to   space 28160K, 0% used [0x00000000fc180000,0x00000000fc180000,0x00000000fdd00000)
 ParOldGen       total 110592K, used 43910K [0x00000000c0000000, 0x00000000c6c00000, 0x00000000eab00000)
  object space 110592K, 39% used [0x00000000c0000000,0x00000000c2ae1ab8,0x00000000c6c00000)
 Metaspace       used 68260K, capacity 71364K, committed 72960K, reserved 1112064K
  class space    used 8812K, capacity 9305K, committed 9728K, reserved 1048576K
GC Heap History (10 events):
Event: 954.186 GC heap before
{Heap before GC invocations=25 (full 7):
 PSYoungGen      total 316416K, used 283648K [0x00000000eab00000, 0x0000000100000000, 0x0000000100000000)
  eden space 283648K, 100% used [0x00000000eab00000,0x00000000fc000000,0x00000000fc000000)
  from space 32768K, 0% used [0x00000000fc000000,0x00000000fc000000,0x00000000fe000000)
  to   space 31232K, 0% used [0x00000000fe180000,0x00000000fe180000,0x0000000100000000)
 ParOldGen       total 110592K, used 55837K [0x00000000c0000000, 0x00000000c6c00000, 0x00000000eab00000)
  object space 110592K, 50% used [0x00000000c0000000,0x00000000c3687620,0x00000000c6c00000)
 Metaspace       used 65966K, capacity 69220K, committed 69376K, reserved 1110016K
  class space    used 8724K, capacity 9373K, committed 9472K, reserved 1048576K
Event: 954.213 GC heap after
Heap after GC invocations=25 (full 7):
 PSYoungGen      total 310784K, used 10640K [0x00000000eab00000, 0x00000000ffa80000, 0x0000000100000000)
  eden space 285184K, 0% used [0x00000000eab00000,0x00000000eab00000,0x00000000fc180000)
  from space 25600K, 41% used [0x00000000fe180000,0x00000000febe4010,0x00000000ffa80000)
  to   space 29184K, 0% used [0x00000000fc180000,0x00000000fc180000,0x00000000fde00000)
 ParOldGen       total 110592K, used 55845K [0x00000000c0000000, 0x00000000c6c00000, 0x00000000eab00000)
  object space 110592K, 50% used [0x00000000c0000000,0x00000000c3689620,0x00000000c6c00000)
 Metaspace       used 65966K, capacity 69220K, committed 69376K, reserved 1110016K
  class space    used 8724K, capacity 9373K, committed 9472K, reserved 1048576K
}
Event: 1018.245 GC heap before
{Heap before GC invocations=26 (full 7):
 PSYoungGen      total 310784K, used 249386K [0x00000000eab00000, 0x00000000ffa80000, 0x0000000100000000)
  eden space 285184K, 83% used [0x00000000eab00000,0x00000000f94268e0,0x00000000fc180000)
  from space 25600K, 41% used [0x00000000fe180000,0x00000000febe4010,0x00000000ffa80000)
  to   space 29184K, 0% used [0x00000000fc180000,0x00000000fc180000,0x00000000fde00000)
 ParOldGen       total 110592K, used 55845K [0x00000000c0000000, 0x00000000c6c00000, 0x00000000eab00000)
  object space 110592K, 50% used [0x00000000c0000000,0x00000000c3689620,0x00000000c6c00000)
 Metaspace       used 68892K, capacity 72352K, committed 72448K, reserved 1112064K
  class space    used 9000K, capacity 9695K, committed 9728K, reserved 1048576K
Event: 1018.271 GC heap after
Heap after GC invocations=26 (full 7):
 PSYoungGen      total 298496K, used 13032K [0x00000000eab00000, 0x00000000ff880000, 0x0000000100000000)
  eden space 285184K, 0% used [0x00000000eab00000,0x00000000eab00000,0x00000000fc180000)
  from space 13312K, 97% used [0x00000000fc180000,0x00000000fce3a2d8,0x00000000fce80000)
  to   space 28160K, 0% used [0x00000000fdd00000,0x00000000fdd00000,0x00000000ff880000)
 ParOldGen       total 110592K, used 55853K [0x00000000c0000000, 0x00000000c6c00000, 0x00000000eab00000)
  object space 110592K, 50% used [0x00000000c0000000,0x00000000c368b620,0x00000000c6c00000)
 Metaspace       used 68892K, capacity 72352K, committed 72448K, reserved 1112064K
  class space    used 9000K, capacity 9695K, committed 9728K, reserved 1048576K
}
Event: 1018.271 GC heap before
{Heap before GC invocations=27 (full 8):
 PSYoungGen      total 298496K, used 13032K [0x00000000eab00000, 0x00000000ff880000, 0x0000000100000000)
  eden space 285184K, 0% used [0x00000000eab00000,0x00000000eab00000,0x00000000fc180000)
  from space 13312K, 97% used [0x00000000fc180000,0x00000000fce3a2d8,0x00000000fce80000)
  to   space 28160K, 0% used [0x00000000fdd00000,0x00000000fdd00000,0x00000000ff880000)
 ParOldGen       total 110592K, used 55853K [0x00000000c0000000, 0x00000000c6c00000, 0x00000000eab00000)
  object space 110592K, 50% used [0x00000000c0000000,0x00000000c368b620,0x00000000c6c00000)
 Metaspace       used 68892K, capacity 72352K, committed 72448K, reserved 1112064K
  class space    used 9000K, capacity 9695K, committed 9728K, reserved 1048576K
Event: 1018.779 GC heap after
Heap after GC invocations=27 (full 8):
 PSYoungGen      total 298496K, used 0K [0x00000000eab00000, 0x00000000ff880000, 0x0000000100000000)
  eden space 285184K, 0% used [0x00000000eab00000,0x00000000eab00000,0x00000000fc180000)
  from space 13312K, 0% used [0x00000000fc180000,0x00000000fc180000,0x00000000fce80000)
  to   space 28160K, 0% used [0x00000000fdd00000,0x00000000fdd00000,0x00000000ff880000)
 ParOldGen       total 110592K, used 59404K [0x00000000c0000000, 0x00000000c6c00000, 0x00000000eab00000)
  object space 110592K, 53% used [0x00000000c0000000,0x00000000c3a03358,0x00000000c6c00000)
 Metaspace       used 68683K, capacity 71990K, committed 72448K, reserved 1112064K
  class space    used 8970K, capacity 9629K, committed 9728K, reserved 1048576K
}
Event: 1731.209 GC heap before
{Heap before GC invocations=28 (full 8):
 PSYoungGen      total 298496K, used 158955K [0x00000000eab00000, 0x00000000ff880000, 0x0000000100000000)
  eden space 285184K, 55% used [0x00000000eab00000,0x00000000f463af00,0x00000000fc180000)
  from space 13312K, 0% used [0x00000000fc180000,0x00000000fc180000,0x00000000fce80000)
  to   space 28160K, 0% used [0x00000000fdd00000,0x00000000fdd00000,0x00000000ff880000)
 ParOldGen       total 110592K, used 59404K [0x00000000c0000000, 0x00000000c6c00000, 0x00000000eab00000)
  object space 110592K, 53% used [0x00000000c0000000,0x00000000c3a03358,0x00000000c6c00000)
 Metaspace       used 69220K, capacity 72754K, committed 72960K, reserved 1112064K
  class space    used 9027K, capacity 9679K, committed 9728K, reserved 1048576K
Event: 1731.219 GC heap after
Heap after GC invocations=28 (full 8):
 PSYoungGen      total 313344K, used 2098K [0x00000000eab00000, 0x00000000ff880000, 0x0000000100000000)
  eden space 285184K, 0% used [0x00000000eab00000,0x00000000eab00000,0x00000000fc180000)
  from space 28160K, 7% used [0x00000000fdd00000,0x00000000fdf0ca30,0x00000000ff880000)
  to   space 28160K, 0% used [0x00000000fc180000,0x00000000fc180000,0x00000000fdd00000)
 ParOldGen       total 110592K, used 59412K [0x00000000c0000000, 0x00000000c6c00000, 0x00000000eab00000)
  object space 110592K, 53% used [0x00000000c0000000,0x00000000c3a05358,0x00000000c6c00000)
 Metaspace       used 69220K, capacity 72754K, committed 72960K, reserved 1112064K
  class space    used 9027K, capacity 9679K, committed 9728K, reserved 1048576K
}
Event: 1731.219 GC heap before
{Heap before GC invocations=29 (full 9):
 PSYoungGen      total 313344K, used 2098K [0x00000000eab00000, 0x00000000ff880000, 0x0000000100000000)
  eden space 285184K, 0% used [0x00000000eab00000,0x00000000eab00000,0x00000000fc180000)
  from space 28160K, 7% used [0x00000000fdd00000,0x00000000fdf0ca30,0x00000000ff880000)
  to   space 28160K, 0% used [0x00000000fc180000,0x00000000fc180000,0x00000000fdd00000)
 ParOldGen       total 110592K, used 59412K [0x00000000c0000000, 0x00000000c6c00000, 0x00000000eab00000)
  object space 110592K, 53% used [0x00000000c0000000,0x00000000c3a05358,0x00000000c6c00000)
 Metaspace       used 69220K, capacity 72754K, committed 72960K, reserved 1112064K
  class space    used 9027K, capacity 9679K, committed 9728K, reserved 1048576K
Event: 1731.714 GC heap after
Heap after GC invocations=29 (full 9):
 PSYoungGen      total 313344K, used 0K [0x00000000eab00000, 0x00000000ff880000, 0x0000000100000000)
  eden space 285184K, 0% used [0x00000000eab00000,0x00000000eab00000,0x00000000fc180000)
  from space 28160K, 0% used [0x00000000fdd00000,0x00000000fdd00000,0x00000000ff880000)
  to   space 28160K, 0% used [0x00000000fc180000,0x00000000fc180000,0x00000000fdd00000)
 ParOldGen       total 110592K, used 43910K [0x00000000c0000000, 0x00000000c6c00000, 0x00000000eab00000)
  object space 110592K, 39% used [0x00000000c0000000,0x00000000c2ae1ab8,0x00000000c6c00000)
 Metaspace       used 68077K, capacity 71042K, committed 72960K, reserved 1112064K
  class space    used 8794K, capacity 9286K, committed 9728K, reserved 1048576K
}

