# JRE version: Java(TM) SE Runtime Environment (8.0_60-b27) (build 1.8.0_60-b27)
# Java VM: Java HotSpot(TM) 64-Bit Server VM (25.60-b23 mixed mode windows-amd64 compressed oops)
Heap:
 PSYoungGen      total 253440K, used 17952K [0x00000000eab00000, 0x0000000100000000, 0x0000000100000000)
  eden space 234496K, 4% used [0x00000000eab00000,0x00000000eb4b09d0,0x00000000f9000000)
  from space 18944K, 42% used [0x00000000fa200000,0x00000000fa9d7750,0x00000000fb480000)
  to   space 18432K, 0% used [0x00000000f9000000,0x00000000f9000000,0x00000000fa200000)
 ParOldGen       total 97792K, used 53006K [0x00000000c0000000, 0x00000000c5f80000, 0x00000000eab00000)
  object space 97792K, 54% used [0x00000000c0000000,0x00000000c33c3830,0x00000000c5f80000)
 Metaspace       used 56743K, capacity 58492K, committed 58624K, reserved 1099776K
  class space    used 7682K, capacity 8148K, committed 8192K, reserved 1048576K
GC Heap History (10 events):
Event: 22.932 GC heap before
{Heap before GC invocations=14 (full 2):
 PSYoungGen      total 175104K, used 162304K [0x00000000eab00000, 0x00000000fb000000, 0x0000000100000000)
  eden space 162304K, 100% used [0x00000000eab00000,0x00000000f4980000,0x00000000f4980000)
  from space 12800K, 0% used [0x00000000f4980000,0x00000000f4980000,0x00000000f5600000)
  to   space 11776K, 0% used [0x00000000fa480000,0x00000000fa480000,0x00000000fb000000)
 ParOldGen       total 53248K, used 18533K [0x00000000c0000000, 0x00000000c3400000, 0x00000000eab00000)
  object space 53248K, 34% used [0x00000000c0000000,0x00000000c12195f8,0x00000000c3400000)
 Metaspace       used 46582K, capacity 47546K, committed 47872K, reserved 1091584K
  class space    used 6303K, capacity 6577K, committed 6656K, reserved 1048576K
Event: 22.963 GC heap after
Heap after GC invocations=14 (full 2):
 PSYoungGen      total 245760K, used 11767K [0x00000000eab00000, 0x00000000fb180000, 0x0000000100000000)
  eden space 233984K, 0% used [0x00000000eab00000,0x00000000eab00000,0x00000000f8f80000)
  from space 11776K, 99% used [0x00000000fa480000,0x00000000faffdfa0,0x00000000fb000000)
  to   space 17408K, 0% used [0x00000000f8f80000,0x00000000f8f80000,0x00000000fa080000)
 ParOldGen       total 53248K, used 27858K [0x00000000c0000000, 0x00000000c3400000, 0x00000000eab00000)
  object space 53248K, 52% used [0x00000000c0000000,0x00000000c1b34ad0,0x00000000c3400000)
 Metaspace       used 46582K, capacity 47546K, committed 47872K, reserved 1091584K
  class space    used 6303K, capacity 6577K, committed 6656K, reserved 1048576K
}
Event: 28.308 GC heap before
{Heap before GC invocations=15 (full 2):
 PSYoungGen      total 245760K, used 143453K [0x00000000eab00000, 0x00000000fb180000, 0x0000000100000000)
  eden space 233984K, 56% used [0x00000000eab00000,0x00000000f2b99760,0x00000000f8f80000)
  from space 11776K, 99% used [0x00000000fa480000,0x00000000faffdfa0,0x00000000fb000000)
  to   space 17408K, 0% used [0x00000000f8f80000,0x00000000f8f80000,0x00000000fa080000)
 ParOldGen       total 53248K, used 27858K [0x00000000c0000000, 0x00000000c3400000, 0x00000000eab00000)
  object space 53248K, 52% used [0x00000000c0000000,0x00000000c1b34ad0,0x00000000c3400000)
 Metaspace       used 51182K, capacity 52570K, committed 52736K, reserved 1095680K
  class space    used 7018K, capacity 7405K, committed 7424K, reserved 1048576K
Event: 28.460 GC heap after
Heap after GC invocations=15 (full 2):
 PSYoungGen      total 251392K, used 14377K [0x00000000eab00000, 0x00000000fb480000, 0x0000000100000000)
  eden space 233984K, 0% used [0x00000000eab00000,0x00000000eab00000,0x00000000f8f80000)
  from space 17408K, 82% used [0x00000000f8f80000,0x00000000f9d8a7f0,0x00000000fa080000)
  to   space 18944K, 0% used [0x00000000fa200000,0x00000000fa200000,0x00000000fb480000)
 ParOldGen       total 53248K, used 39485K [0x00000000c0000000, 0x00000000c3400000, 0x00000000eab00000)
  object space 53248K, 74% used [0x00000000c0000000,0x00000000c268f760,0x00000000c3400000)
 Metaspace       used 51182K, capacity 52570K, committed 52736K, reserved 1095680K
  class space    used 7018K, capacity 7405K, committed 7424K, reserved 1048576K
}
Event: 28.460 GC heap before
{Heap before GC invocations=16 (full 3):
 PSYoungGen      total 251392K, used 14377K [0x00000000eab00000, 0x00000000fb480000, 0x0000000100000000)
  eden space 233984K, 0% used [0x00000000eab00000,0x00000000eab00000,0x00000000f8f80000)
  from space 17408K, 82% used [0x00000000f8f80000,0x00000000f9d8a7f0,0x00000000fa080000)
  to   space 18944K, 0% used [0x00000000fa200000,0x00000000fa200000,0x00000000fb480000)
 ParOldGen       total 53248K, used 39485K [0x00000000c0000000, 0x00000000c3400000, 0x00000000eab00000)
  object space 53248K, 74% used [0x00000000c0000000,0x00000000c268f760,0x00000000c3400000)
 Metaspace       used 51182K, capacity 52570K, committed 52736K, reserved 1095680K
  class space    used 7018K, capacity 7405K, committed 7424K, reserved 1048576K
Event: 29.006 GC heap after
Heap after GC invocations=16 (full 3):
 PSYoungGen      total 251392K, used 0K [0x00000000eab00000, 0x00000000fb480000, 0x0000000100000000)
  eden space 233984K, 0% used [0x00000000eab00000,0x00000000eab00000,0x00000000f8f80000)
  from space 17408K, 0% used [0x00000000f8f80000,0x00000000f8f80000,0x00000000fa080000)
  to   space 18944K, 0% used [0x00000000fa200000,0x00000000fa200000,0x00000000fb480000)
 ParOldGen       total 53248K, used 43426K [0x00000000c0000000, 0x00000000c3400000, 0x00000000eab00000)
  object space 53248K, 81% used [0x00000000c0000000,0x00000000c2a688d0,0x00000000c3400000)
 Metaspace       used 51182K, capacity 52570K, committed 52736K, reserved 1095680K
  class space    used 7018K, capacity 7405K, committed 7424K, reserved 1048576K
}
Event: 43.507 GC heap before
{Heap before GC invocations=17 (full 4):
 PSYoungGen      total 251392K, used 233984K [0x00000000eab00000, 0x00000000fb480000, 0x0000000100000000)
  eden space 233984K, 100% used [0x00000000eab00000,0x00000000f8f80000,0x00000000f8f80000)
  from space 17408K, 0% used [0x00000000f8f80000,0x00000000f8f80000,0x00000000fa080000)
  to   space 18944K, 0% used [0x00000000fa200000,0x00000000fa200000,0x00000000fb480000)
 ParOldGen       total 53248K, used 43426K [0x00000000c0000000, 0x00000000c3400000, 0x00000000eab00000)
  object space 53248K, 81% used [0x00000000c0000000,0x00000000c2a688d0,0x00000000c3400000)
 Metaspace       used 54739K, capacity 56412K, committed 56576K, reserved 1097728K
  class space    used 7459K, capacity 7936K, committed 7936K, reserved 1048576K
Event: 43.849 GC heap after
Heap after GC invocations=17 (full 4):
 PSYoungGen      total 251392K, used 0K [0x00000000eab00000, 0x00000000fb480000, 0x0000000100000000)
  eden space 233984K, 0% used [0x00000000eab00000,0x00000000eab00000,0x00000000f8f80000)
  from space 17408K, 0% used [0x00000000f8f80000,0x00000000f8f80000,0x00000000fa080000)
  to   space 18944K, 0% used [0x00000000fa200000,0x00000000fa200000,0x00000000fb480000)
 ParOldGen       total 97792K, used 52998K [0x00000000c0000000, 0x00000000c5f80000, 0x00000000eab00000)
  object space 97792K, 54% used [0x00000000c0000000,0x00000000c33c1830,0x00000000c5f80000)
 Metaspace       used 54739K, capacity 56412K, committed 56576K, reserved 1097728K
  class space    used 7459K, capacity 7936K, committed 7936K, reserved 1048576K
}
Event: 440.245 GC heap before
{Heap before GC invocations=18 (full 4):
 PSYoungGen      total 251392K, used 233984K [0x00000000eab00000, 0x00000000fb480000, 0x0000000100000000)
  eden space 233984K, 100% used [0x00000000eab00000,0x00000000f8f80000,0x00000000f8f80000)
  from space 17408K, 0% used [0x00000000f8f80000,0x00000000f8f80000,0x00000000fa080000)
  to   space 18944K, 0% used [0x00000000fa200000,0x00000000fa200000,0x00000000fb480000)
 ParOldGen       total 97792K, used 52998K [0x00000000c0000000, 0x00000000c5f80000, 0x00000000eab00000)
  object space 97792K, 54% used [0x00000000c0000000,0x00000000c33c1830,0x00000000c5f80000)
 Metaspace       used 56734K, capacity 58492K, committed 58624K, reserved 1099776K
  class space    used 7682K, capacity 8148K, committed 8192K, reserved 1048576K
Event: 440.269 GC heap after
Heap after GC invocations=18 (full 4):
 PSYoungGen      total 253440K, used 8029K [0x00000000eab00000, 0x0000000100000000, 0x0000000100000000)
  eden space 234496K, 0% used [0x00000000eab00000,0x00000000eab00000,0x00000000f9000000)
  from space 18944K, 42% used [0x00000000fa200000,0x00000000fa9d7750,0x00000000fb480000)
  to   space 18432K, 0% used [0x00000000f9000000,0x00000000f9000000,0x00000000fa200000)
 ParOldGen       total 97792K, used 53006K [0x00000000c0000000, 0x00000000c5f80000, 0x00000000eab00000)
  object space 97792K, 54% used [0x00000000c0000000,0x00000000c33c3830,0x00000000c5f80000)
 Metaspace       used 56734K, capacity 58492K, committed 58624K, reserved 1099776K
  class space    used 7682K, capacity 8148K, committed 8192K, reserved 1048576K
}

